<?xml version="1.0" encoding="UTF-8"?>
<testsuite xmlns:xsi="http://www.w3.org/2001/XMLSchema-instance" xsi:noNamespaceSchemaLocation="https://maven.apache.org/surefire/maven-surefire-plugin/xsd/surefire-test-report.xsd" name="com.example.fn.FibonaccinativeTest" time="0.45" tests="1" errors="0" skipped="0" failures="0">
  <properties>
    <property name="gopherProxySet" value="false"/>
    <property name="awt.toolkit" value="sun.lwawt.macosx.LWCToolkit"/>
    <property name="java.specification.version" value="11"/>
    <property name="sun.cpu.isalist" value=""/>
    <property name="sun.jnu.encoding" value="UTF-8"/>
    <property name="java.class.path" value="/Users/nono/.m2/repository/org/apache/maven/surefire/surefire-booter/2.22.1/surefire-booter-2.22.1.jar:/Users/nono/.m2/repository/org/apache/maven/surefire/surefire-api/2.22.1/surefire-api-2.22.1.jar:/Users/nono/.m2/repository/org/apache/maven/surefire/surefire-logger-api/2.22.1/surefire-logger-api-2.22.1.jar:/Users/nono/Projects/Workshops/EMEA-HOL-GraalVMServerless/graalvm-serverless/2/graal-fn-demo/fibonaccinative/target/test-classes:/Users/nono/Projects/Workshops/EMEA-HOL-GraalVMServerless/graalvm-serverless/2/graal-fn-demo/fibonaccinative/target/classes:/Users/nono/.m2/repository/com/fnproject/fn/api/1.0.145/api-1.0.145.jar:/Users/nono/.m2/repository/com/fnproject/fn/testing-core/1.0.145/testing-core-1.0.145.jar:/Users/nono/.m2/repository/com/fnproject/fn/testing-junit4/1.0.145/testing-junit4-1.0.145.jar:/Users/nono/.m2/repository/junit/junit/4.13.1/junit-4.13.1.jar:/Users/nono/.m2/repository/org/hamcrest/hamcrest-core/1.3/hamcrest-core-1.3.jar:/Users/nono/.m2/repository/com/fnproject/fn/runtime/1.0.145/runtime-1.0.145.jar:/Users/nono/.m2/repository/com/fasterxml/jackson/core/jackson-databind/2.13.0/jackson-databind-2.13.0.jar:/Users/nono/.m2/repository/com/fasterxml/jackson/core/jackson-annotations/2.13.0/jackson-annotations-2.13.0.jar:/Users/nono/.m2/repository/com/fasterxml/jackson/core/jackson-core/2.13.0/jackson-core-2.13.0.jar:/Users/nono/.m2/repository/org/apache/httpcomponents/httpcore/4.4.14/httpcore-4.4.14.jar:/Users/nono/.m2/repository/commons-io/commons-io/2.11.0/commons-io-2.11.0.jar:/Users/nono/.m2/repository/net/jodah/typetools/0.6.3/typetools-0.6.3.jar:/Users/nono/.m2/repository/org/apache/maven/surefire/surefire-junit4/2.22.1/surefire-junit4-2.22.1.jar"/>
    <property name="java.vm.vendor" value="Oracle Corporation"/>
    <property name="sun.arch.data.model" value="64"/>
    <property name="java.vendor.url" value="https://openjdk.java.net/"/>
    <property name="user.timezone" value=""/>
    <property name="java.vm.specification.version" value="11"/>
    <property name="os.name" value="Mac OS X"/>
    <property name="sun.java.launcher" value="SUN_STANDARD"/>
    <property name="user.country" value="FR"/>
    <property name="sun.boot.library.path" value="/Library/Java/JavaVirtualMachines/graalvm-ee-java11-22.0.0/Contents/Home/lib"/>
    <property name="sun.java.command" value="org.apache.maven.surefire.booter.ForkedBooter /Users/nono/Projects/Workshops/EMEA-HOL-GraalVMServerless/graalvm-serverless/2/graal-fn-demo/fibonaccinative/target/surefire 2022-02-18T17-40-23_584-jvmRun1 surefire3687884277558819662tmp surefire_04787651069287903431tmp"/>
    <property name="jdk.debug" value="release"/>
    <property name="surefire.test.class.path" value="/Users/nono/Projects/Workshops/EMEA-HOL-GraalVMServerless/graalvm-serverless/2/graal-fn-demo/fibonaccinative/target/test-classes:/Users/nono/Projects/Workshops/EMEA-HOL-GraalVMServerless/graalvm-serverless/2/graal-fn-demo/fibonaccinative/target/classes:/Users/nono/.m2/repository/com/fnproject/fn/api/1.0.145/api-1.0.145.jar:/Users/nono/.m2/repository/com/fnproject/fn/testing-core/1.0.145/testing-core-1.0.145.jar:/Users/nono/.m2/repository/com/fnproject/fn/testing-junit4/1.0.145/testing-junit4-1.0.145.jar:/Users/nono/.m2/repository/junit/junit/4.13.1/junit-4.13.1.jar:/Users/nono/.m2/repository/org/hamcrest/hamcrest-core/1.3/hamcrest-core-1.3.jar:/Users/nono/.m2/repository/com/fnproject/fn/runtime/1.0.145/runtime-1.0.145.jar:/Users/nono/.m2/repository/com/fasterxml/jackson/core/jackson-databind/2.13.0/jackson-databind-2.13.0.jar:/Users/nono/.m2/repository/com/fasterxml/jackson/core/jackson-annotations/2.13.0/jackson-annotations-2.13.0.jar:/Users/nono/.m2/repository/com/fasterxml/jackson/core/jackson-core/2.13.0/jackson-core-2.13.0.jar:/Users/nono/.m2/repository/org/apache/httpcomponents/httpcore/4.4.14/httpcore-4.4.14.jar:/Users/nono/.m2/repository/commons-io/commons-io/2.11.0/commons-io-2.11.0.jar:/Users/nono/.m2/repository/net/jodah/typetools/0.6.3/typetools-0.6.3.jar:"/>
    <property name="sun.cpu.endian" value="little"/>
    <property name="user.home" value="/Users/nono"/>
    <property name="user.language" value="fr"/>
    <property name="java.specification.vendor" value="Oracle Corporation"/>
    <property name="java.version.date" value="2022-01-18"/>
    <property name="java.home" value="/Library/Java/JavaVirtualMachines/graalvm-ee-java11-22.0.0/Contents/Home"/>
    <property name="file.separator" value="/"/>
    <property name="basedir" value="/Users/nono/Projects/Workshops/EMEA-HOL-GraalVMServerless/graalvm-serverless/2/graal-fn-demo/fibonaccinative"/>
    <property name="java.vm.compressedOopsMode" value="Zero based"/>
    <property name="line.separator" value="&#10;"/>
    <property name="jdk.internal.vm.ci.enabled" value="true"/>
    <property name="java.specification.name" value="Java Platform API Specification"/>
    <property name="java.vm.specification.vendor" value="Oracle Corporation"/>
    <property name="java.awt.graphicsenv" value="sun.awt.CGraphicsEnvironment"/>
    <property name="apple.awt.application.name" value="ForkedBooter"/>
    <property name="sun.management.compiler" value="HotSpot 64-Bit Tiered Compilers"/>
    <property name="java.runtime.version" value="11.0.14+8-LTS-jvmci-22.0-b03"/>
    <property name="user.name" value="nono"/>
    <property name="path.separator" value=":"/>
    <property name="os.version" value="10.15.7"/>
    <property name="java.runtime.name" value="Java(TM) SE Runtime Environment"/>
    <property name="file.encoding" value="UTF-8"/>
    <property name="java.vm.name" value="Java HotSpot(TM) 64-Bit Server VM"/>
    <property name="java.vendor.version" value="GraalVM EE 22.0.0"/>
    <property name="localRepository" value="/Users/nono/.m2/repository"/>
    <property name="java.vendor.url.bug" value="https://bugreport.java.com/bugreport/"/>
    <property name="java.io.tmpdir" value="/var/folders/93/n0klc01d5d9f6vs1bdpctjww0000gn/T/"/>
    <property name="java.version" value="11.0.14"/>
    <property name="user.dir" value="/Users/nono/Projects/Workshops/EMEA-HOL-GraalVMServerless/graalvm-serverless/2/graal-fn-demo/fibonaccinative"/>
    <property name="os.arch" value="x86_64"/>
    <property name="java.vm.specification.name" value="Java Virtual Machine Specification"/>
    <property name="java.awt.printerjob" value="sun.lwawt.macosx.CPrinterJob"/>
    <property name="sun.os.patch.level" value="unknown"/>
    <property name="java.library.path" value="/Users/nono/Library/Java/Extensions:/Library/Java/Extensions:/Network/Library/Java/Extensions:/System/Library/Java/Extensions:/usr/lib/java:."/>
    <property name="java.vendor" value="Oracle Corporation"/>
    <property name="java.vm.info" value="mixed mode, sharing"/>
    <property name="java.vm.version" value="11.0.14+8-LTS-jvmci-22.0-b03"/>
    <property name="sun.io.unicode.encoding" value="UnicodeBig"/>
    <property name="java.class.version" value="55.0"/>
  </properties>
  <testcase name="shouldReturnFibonaciNumber" classname="com.example.fn.FibonaccinativeTest" time="0.401"/>
</testsuite>